<?xml version="1.0" encoding="UTF-8"?>
<TestRun id="69c98dda-6c96-4658-9e52-b4988c50f55f" name="Rons@RONS-LAPTOP 2011-11-11 08:07:09" runUser="RONS-LAPTOP\Rons" xmlns="http://microsoft.com/schemas/VisualStudio/TeamTest/2010">
  <TestSettings name="Local" id="9d109aa8-e8a6-43f2-9695-8cf2b7bf74e0">
    <Description>These are default test settings for a local test run.</Description>
    <Deployment enabled="false" runDeploymentRoot="Rons_RONS-LAPTOP 2011-11-11 08_07_09">
      <DeploymentItem filename="C:\SVN\ThirdParty\Reactive\System.Reactive.dll" />
      <DeploymentItem filename="C:\SVN\Provider\Provider\Provider\bin\Debug\Provider.dll" />
      <DeploymentItem filename="C:\SVN\Provider\Provider\Provider.Yahoo.Finance\bin\Debug\Provider.Yahoo.Finance.dll" />
    </Deployment>
    <Execution>
      <TestTypeSpecific />
      <AgentRule name="Execution Agents">
      </AgentRule>
    </Execution>
  </TestSettings>
  <Times creation="2011-11-11T08:07:09.1796500+00:00" queuing="2011-11-11T08:07:14.9341681+00:00" start="2011-11-11T08:07:15.5893693+00:00" finish="2011-11-11T08:07:46.0250227+00:00" />
  <ResultSummary outcome="Error">
    <Counters total="1" executed="1" error="0" failed="0" timeout="0" aborted="1" inconclusive="0" passedButRunAborted="0" notRunnable="0" notExecuted="0" disconnected="0" warning="0" passed="0" completed="0" inProgress="0" pending="0" />
    <RunInfos>
      <RunInfo computerName="RONS-LAPTOP" outcome="Error" timestamp="2011-11-11T08:07:45.9938227+00:00">
        <Text>Test host process exited unexpectedly.</Text>
      </RunInfo>
    </RunInfos>
  </ResultSummary>
  <TestDefinitions>
    <UnitTest name="CheckCannotAddSameKeyTwice" storage="c:\svn\provider\provider\provider.yahoo.finance.test\bin\debug\provider.yahoo.finance.test.dll" id="a5141359-4776-9834-dde6-2f8ff83f8e5b">
      <Execution id="5782697a-3d2c-4522-ac92-8836dc6c6537" />
      <TestMethod codeBase="C:/SVN/Provider/Provider/Provider.Yahoo.Finance.Test/bin/Debug/Provider.Yahoo.Finance.Test.DLL" adapterTypeName="Microsoft.VisualStudio.TestTools.TestTypes.Unit.UnitTestAdapter, Microsoft.VisualStudio.QualityTools.Tips.UnitTest.Adapter, Version=10.0.0.0, Culture=neutral, PublicKeyToken=b03f5f7f11d50a3a" className="Provider.Yahoo.Finance.Test.UnitTest1, Provider.Yahoo.Finance.Test, Version=1.0.0.0, Culture=neutral, PublicKeyToken=null" name="CheckCannotAddSameKeyTwice" />
    </UnitTest>
  </TestDefinitions>
  <TestLists>
    <TestList name="Results Not in a List" id="8c84fa94-04c1-424b-9868-57a2d4851a1d" />
    <TestList name="All Loaded Results" id="19431567-8539-422a-85d7-44ee4e166bda" />
  </TestLists>
  <TestEntries>
    <TestEntry testId="a5141359-4776-9834-dde6-2f8ff83f8e5b" executionId="5782697a-3d2c-4522-ac92-8836dc6c6537" testListId="8c84fa94-04c1-424b-9868-57a2d4851a1d" />
  </TestEntries>
  <Results>
    <UnitTestResult executionId="5782697a-3d2c-4522-ac92-8836dc6c6537" testId="a5141359-4776-9834-dde6-2f8ff83f8e5b" testName="CheckCannotAddSameKeyTwice" computerName="RONS-LAPTOP" duration="00:00:29.9208525" startTime="2011-11-11T08:07:16.1041702+00:00" endTime="2011-11-11T08:07:46.0250227+00:00" testType="13cdc9d9-ddb5-4fa4-a97d-d965ccfc6d4b" outcome="Aborted" testListId="8c84fa94-04c1-424b-9868-57a2d4851a1d" relativeResultsDirectory="5782697a-3d2c-4522-ac92-8836dc6c6537">
    </UnitTestResult>
  </Results>
</TestRun>