<?xml version="1.0" encoding="UTF-8"?>
<TestRun id="07e5f612-077f-4173-af57-9637ee7dda36" name="Rons@RONS-LAPTOP 2011-11-11 08:11:22" runUser="RONS-LAPTOP\Rons" xmlns="http://microsoft.com/schemas/VisualStudio/TeamTest/2010">
  <TestSettings name="Local" id="9d109aa8-e8a6-43f2-9695-8cf2b7bf74e0">
    <Description>These are default test settings for a local test run.</Description>
    <Deployment enabled="false" runDeploymentRoot="Rons_RONS-LAPTOP 2011-11-11 08_11_22">
      <DeploymentItem filename="C:\SVN\ThirdParty\Reactive\System.Reactive.dll" />
      <DeploymentItem filename="C:\SVN\Provider\Provider\Provider\bin\Debug\Provider.dll" />
      <DeploymentItem filename="C:\SVN\Provider\Provider\Provider.Yahoo.Finance\bin\Debug\Provider.Yahoo.Finance.dll" />
    </Deployment>
    <Execution>
      <TestTypeSpecific />
      <AgentRule name="Execution Agents">
      </AgentRule>
    </Execution>
  </TestSettings>
  <Times creation="2011-11-11T08:11:22.2672682+00:00" queuing="2011-11-11T08:11:24.1535398+00:00" start="2011-11-11T08:11:24.5591405+00:00" finish="2011-11-11T08:11:26.6651442+00:00" />
  <ResultSummary outcome="Failed">
    <Counters total="2" executed="2" passed="1" error="0" failed="1" timeout="0" aborted="0" inconclusive="0" passedButRunAborted="0" notRunnable="0" notExecuted="0" disconnected="0" warning="0" completed="0" inProgress="0" pending="0" />
  </ResultSummary>
  <TestDefinitions>
    <UnitTest name="CheckCannotAddSameKeyTwice" storage="c:\svn\provider\provider\provider.yahoo.finance.test\bin\debug\provider.yahoo.finance.test.dll" id="a5141359-4776-9834-dde6-2f8ff83f8e5b">
      <Execution id="580a17e9-9200-41c4-955d-8372e0e7cb35" />
      <TestMethod codeBase="C:/SVN/Provider/Provider/Provider.Yahoo.Finance.Test/bin/Debug/Provider.Yahoo.Finance.Test.DLL" adapterTypeName="Microsoft.VisualStudio.TestTools.TestTypes.Unit.UnitTestAdapter, Microsoft.VisualStudio.QualityTools.Tips.UnitTest.Adapter, Version=10.0.0.0, Culture=neutral, PublicKeyToken=b03f5f7f11d50a3a" className="Provider.Yahoo.Finance.Test.UnitTest1, Provider.Yahoo.Finance.Test, Version=1.0.0.0, Culture=neutral, PublicKeyToken=null" name="CheckCannotAddSameKeyTwice" />
    </UnitTest>
    <UnitTest name="UnSubscribe" storage="c:\svn\provider\provider\provider.yahoo.finance.test\bin\debug\provider.yahoo.finance.test.dll" id="fc2a337a-b323-86e3-c3c9-39375b3692cf">
      <Execution id="588a9f83-9c33-4b38-9e44-3ec054bbea74" />
      <TestMethod codeBase="C:/SVN/Provider/Provider/Provider.Yahoo.Finance.Test/bin/Debug/Provider.Yahoo.Finance.Test.DLL" adapterTypeName="Microsoft.VisualStudio.TestTools.TestTypes.Unit.UnitTestAdapter, Microsoft.VisualStudio.QualityTools.Tips.UnitTest.Adapter, Version=10.0.0.0, Culture=neutral, PublicKeyToken=b03f5f7f11d50a3a" className="Provider.Yahoo.Finance.Test.UnitTest1, Provider.Yahoo.Finance.Test, Version=1.0.0.0, Culture=neutral, PublicKeyToken=null" name="UnSubscribe" />
    </UnitTest>
  </TestDefinitions>
  <TestLists>
    <TestList name="Results Not in a List" id="8c84fa94-04c1-424b-9868-57a2d4851a1d" />
    <TestList name="All Loaded Results" id="19431567-8539-422a-85d7-44ee4e166bda" />
  </TestLists>
  <TestEntries>
    <TestEntry testId="a5141359-4776-9834-dde6-2f8ff83f8e5b" executionId="580a17e9-9200-41c4-955d-8372e0e7cb35" testListId="8c84fa94-04c1-424b-9868-57a2d4851a1d" />
    <TestEntry testId="fc2a337a-b323-86e3-c3c9-39375b3692cf" executionId="588a9f83-9c33-4b38-9e44-3ec054bbea74" testListId="8c84fa94-04c1-424b-9868-57a2d4851a1d" />
  </TestEntries>
  <Results>
    <UnitTestResult executionId="580a17e9-9200-41c4-955d-8372e0e7cb35" testId="a5141359-4776-9834-dde6-2f8ff83f8e5b" testName="CheckCannotAddSameKeyTwice" computerName="RONS-LAPTOP" duration="00:00:00.2791899" startTime="2011-11-11T08:11:24.9491412+00:00" endTime="2011-11-11T08:11:26.3375436+00:00" testType="13cdc9d9-ddb5-4fa4-a97d-d965ccfc6d4b" outcome="Passed" testListId="8c84fa94-04c1-424b-9868-57a2d4851a1d" relativeResultsDirectory="580a17e9-9200-41c4-955d-8372e0e7cb35">
    </UnitTestResult>
    <UnitTestResult executionId="588a9f83-9c33-4b38-9e44-3ec054bbea74" testId="fc2a337a-b323-86e3-c3c9-39375b3692cf" testName="UnSubscribe" computerName="RONS-LAPTOP" duration="00:00:00.1026408" startTime="2011-11-11T08:11:26.3531436+00:00" endTime="2011-11-11T08:11:26.4779439+00:00" testType="13cdc9d9-ddb5-4fa4-a97d-d965ccfc6d4b" outcome="Failed" testListId="8c84fa94-04c1-424b-9868-57a2d4851a1d" relativeResultsDirectory="588a9f83-9c33-4b38-9e44-3ec054bbea74">
      <Output>
        <ErrorInfo>
          <Message>Test method Provider.Yahoo.Finance.Test.UnitTest1.UnSubscribe did not throw expected exception System.ArgumentException.</Message>
        </ErrorInfo>
      </Output>
    </UnitTestResult>
  </Results>
</TestRun>