<?xml version="1.0" encoding="UTF-8"?>
<TestRun id="be2ba2b0-657f-4986-a46e-525b1d960e63" name="Rons@RONS-LAPTOP 2011-11-11 08:11:44" runUser="RONS-LAPTOP\Rons" xmlns="http://microsoft.com/schemas/VisualStudio/TeamTest/2010">
  <TestSettings name="Local" id="9d109aa8-e8a6-43f2-9695-8cf2b7bf74e0">
    <Description>These are default test settings for a local test run.</Description>
    <Deployment enabled="false" runDeploymentRoot="Rons_RONS-LAPTOP 2011-11-11 08_11_44">
      <DeploymentItem filename="C:\SVN\ThirdParty\Reactive\System.Reactive.dll" />
      <DeploymentItem filename="C:\SVN\Provider\Provider\Provider\bin\Debug\Provider.dll" />
      <DeploymentItem filename="C:\SVN\Provider\Provider\Provider.Yahoo.Finance\bin\Debug\Provider.Yahoo.Finance.dll" />
    </Deployment>
    <Execution>
      <TestTypeSpecific />
      <AgentRule name="Execution Agents">
      </AgentRule>
    </Execution>
  </TestSettings>
  <Times creation="2011-11-11T08:11:44.1536242+00:00" queuing="2011-11-11T08:11:44.2628244+00:00" start="2011-11-11T08:11:44.3252245+00:00" finish="2011-11-11T08:11:45.9320274+00:00" />
  <ResultSummary outcome="Completed">
    <Counters total="2" executed="2" passed="2" error="0" failed="0" timeout="0" aborted="0" inconclusive="0" passedButRunAborted="0" notRunnable="0" notExecuted="0" disconnected="0" warning="0" completed="0" inProgress="0" pending="0" />
  </ResultSummary>
  <TestDefinitions>
    <UnitTest name="CheckCannotAddSameKeyTwice" storage="c:\svn\provider\provider\provider.yahoo.finance.test\bin\debug\provider.yahoo.finance.test.dll" id="a5141359-4776-9834-dde6-2f8ff83f8e5b">
      <Execution id="a849934a-a1e4-475c-92f3-5a5ec21aec9f" />
      <TestMethod codeBase="C:/SVN/Provider/Provider/Provider.Yahoo.Finance.Test/bin/Debug/Provider.Yahoo.Finance.Test.DLL" adapterTypeName="Microsoft.VisualStudio.TestTools.TestTypes.Unit.UnitTestAdapter, Microsoft.VisualStudio.QualityTools.Tips.UnitTest.Adapter, Version=10.0.0.0, Culture=neutral, PublicKeyToken=b03f5f7f11d50a3a" className="Provider.Yahoo.Finance.Test.UnitTest1, Provider.Yahoo.Finance.Test, Version=1.0.0.0, Culture=neutral, PublicKeyToken=null" name="CheckCannotAddSameKeyTwice" />
    </UnitTest>
    <UnitTest name="UnSubscribe" storage="c:\svn\provider\provider\provider.yahoo.finance.test\bin\debug\provider.yahoo.finance.test.dll" id="fc2a337a-b323-86e3-c3c9-39375b3692cf">
      <Execution id="cc64e21f-14c3-4aa2-91b0-645d2a73a539" />
      <TestMethod codeBase="C:/SVN/Provider/Provider/Provider.Yahoo.Finance.Test/bin/Debug/Provider.Yahoo.Finance.Test.DLL" adapterTypeName="Microsoft.VisualStudio.TestTools.TestTypes.Unit.UnitTestAdapter, Microsoft.VisualStudio.QualityTools.Tips.UnitTest.Adapter, Version=10.0.0.0, Culture=neutral, PublicKeyToken=b03f5f7f11d50a3a" className="Provider.Yahoo.Finance.Test.UnitTest1, Provider.Yahoo.Finance.Test, Version=1.0.0.0, Culture=neutral, PublicKeyToken=null" name="UnSubscribe" />
    </UnitTest>
  </TestDefinitions>
  <TestLists>
    <TestList name="Results Not in a List" id="8c84fa94-04c1-424b-9868-57a2d4851a1d" />
    <TestList name="All Loaded Results" id="19431567-8539-422a-85d7-44ee4e166bda" />
  </TestLists>
  <TestEntries>
    <TestEntry testId="a5141359-4776-9834-dde6-2f8ff83f8e5b" executionId="a849934a-a1e4-475c-92f3-5a5ec21aec9f" testListId="8c84fa94-04c1-424b-9868-57a2d4851a1d" />
    <TestEntry testId="fc2a337a-b323-86e3-c3c9-39375b3692cf" executionId="cc64e21f-14c3-4aa2-91b0-645d2a73a539" testListId="8c84fa94-04c1-424b-9868-57a2d4851a1d" />
  </TestEntries>
  <Results>
    <UnitTestResult executionId="a849934a-a1e4-475c-92f3-5a5ec21aec9f" testId="a5141359-4776-9834-dde6-2f8ff83f8e5b" testName="CheckCannotAddSameKeyTwice" computerName="RONS-LAPTOP" duration="00:00:00.2928221" startTime="2011-11-11T08:11:44.4188247+00:00" endTime="2011-11-11T08:11:45.7760271+00:00" testType="13cdc9d9-ddb5-4fa4-a97d-d965ccfc6d4b" outcome="Passed" testListId="8c84fa94-04c1-424b-9868-57a2d4851a1d" relativeResultsDirectory="a849934a-a1e4-475c-92f3-5a5ec21aec9f">
    </UnitTestResult>
    <UnitTestResult executionId="cc64e21f-14c3-4aa2-91b0-645d2a73a539" testId="fc2a337a-b323-86e3-c3c9-39375b3692cf" testName="UnSubscribe" computerName="RONS-LAPTOP" duration="00:00:00.0226178" startTime="2011-11-11T08:11:45.7916271+00:00" endTime="2011-11-11T08:11:45.8540272+00:00" testType="13cdc9d9-ddb5-4fa4-a97d-d965ccfc6d4b" outcome="Passed" testListId="8c84fa94-04c1-424b-9868-57a2d4851a1d" relativeResultsDirectory="cc64e21f-14c3-4aa2-91b0-645d2a73a539">
    </UnitTestResult>
  </Results>
</TestRun>